2020-02-07 16:07:59 [scrapy] DEBUG: Crawled (404) <GET https://www.ptt.cc/robots.txt> (referer: None)
2020-02-07 16:08:00 [scrapy] DEBUG: Crawled (200) <GET https://www.ptt.cc/bbs/Gossiping/M.1581055710.A.38E.html> (referer: None)
2020-02-07 16:08:00 [scrapy] DEBUG: Scraped from <200 https://www.ptt.cc/bbs/Gossiping/M.1581055710.A.38E.html>
{'title': '[問卦] 香港腳是不是該正名為中國腳呢 - 看板 Gossiping - 批踢踢實業坊'}
2020-02-07 16:08:00 [scrapy] INFO: Closing spider (finished)
2020-02-07 16:08:00 [scrapy] INFO: Dumping Scrapy stats:
{'downloader/request_bytes': 537,
 'downloader/request_count': 2,
 'downloader/request_method_count/GET': 2,
 'downloader/response_bytes': 3220,
 'downloader/response_count': 2,
 'downloader/response_status_count/200': 1,
 'downloader/response_status_count/404': 1,
 'elapsed_time_seconds': 1.100103,
 'finish_reason': 'finished',
 'finish_time': datetime.datetime(2020, 2, 7, 8, 8, 0, 399654),
 'item_scraped_count': 1,
 'log_count/DEBUG': 3,
 'log_count/INFO': 7,
 'memusage/max': 51077120,
 'memusage/startup': 51077120,
 'response_received_count': 2,
 'robotstxt/request_count': 1,
 'robotstxt/response_count': 1,
 'robotstxt/response_status_count/404': 1,
 'scheduler/dequeued': 1,
 'scheduler/dequeued/memory': 1,
 'scheduler/enqueued': 1,
 'scheduler/enqueued/memory': 1,
 'start_time': datetime.datetime(2020, 2, 7, 8, 7, 59, 299551)}
2020-02-07 16:08:00 [scrapy] INFO: Spider closed (finished)
