2020-02-07 16:07:41 [scrapy] DEBUG: Crawled (404) <GET https://www.ptt.cc/robots.txt> (referer: None)
2020-02-07 16:07:42 [scrapy] DEBUG: Crawled (200) <GET https://www.ptt.cc/bbs/Gossiping/M.1581055710.A.38E.html> (referer: None)
2020-02-07 16:07:42 [scrapy] INFO: Closing spider (finished)
2020-02-07 16:07:42 [scrapy] INFO: Dumping Scrapy stats:
{'downloader/request_bytes': 537,
 'downloader/request_count': 2,
 'downloader/request_method_count/GET': 2,
 'downloader/response_bytes': 3215,
 'downloader/response_count': 2,
 'downloader/response_status_count/200': 1,
 'downloader/response_status_count/404': 1,
 'elapsed_time_seconds': 1.892208,
 'finish_reason': 'finished',
 'finish_time': datetime.datetime(2020, 2, 7, 8, 7, 42, 210263),
 'log_count/DEBUG': 2,
 'log_count/INFO': 7,
 'memusage/max': 48979968,
 'memusage/startup': 48979968,
 'response_received_count': 2,
 'robotstxt/request_count': 1,
 'robotstxt/response_count': 1,
 'robotstxt/response_status_count/404': 1,
 'scheduler/dequeued': 1,
 'scheduler/dequeued/memory': 1,
 'scheduler/enqueued': 1,
 'scheduler/enqueued/memory': 1,
 'start_time': datetime.datetime(2020, 2, 7, 8, 7, 40, 318055)}
2020-02-07 16:07:42 [scrapy] INFO: Spider closed (finished)
